06-16 19:41 root         INFO     Loading starting molecules from dataset/Multi-Step task/starting_mols.pkl
06-16 19:41 root         INFO     23081629 starting molecules loaded
06-16 19:41 root         INFO     190 routes extracted from dataset/Multi-Step task/test_mols.pkl loaded
06-16 19:41 root         INFO     Templates: one_step_model/template_rules_1.dat
06-16 19:41 root         INFO     Loading trained mlp model from one_step_model/saved_rollout_state_1_2048.ckpt
06-16 19:41 root         INFO     Initializing value model: latent_dim=128
06-16 19:41 root         INFO     Loading value nn from saved_models/best_epoch_final_4.pt
06-16 19:44 root         INFO     Final search status | success value | iter: 7.796088865061812 | inf | 500
06-16 19:44 root         INFO     Succ: 0/1/190 | avg time: 139.95 s | avg iter: 500.00
06-16 19:44 root         INFO     Synthesis route found!
06-16 19:44 root         INFO     Final search status | success value | iter: 10.045176507425285 | 10.716546555088986 | 159
06-16 19:44 root         INFO     Succ: 1/2/190 | avg time: 90.93 s | avg iter: 329.50
06-16 19:45 root         INFO     Synthesis route found!
06-16 19:45 root         INFO     Final search status | success value | iter: 5.9449875119073825 | 12.447832792711036 | 42
06-16 19:45 root         INFO     Succ: 2/3/190 | avg time: 66.86 s | avg iter: 233.67
06-16 19:45 root         INFO     Synthesis route found!
06-16 19:45 root         INFO     Final search status | success value | iter: 7.009884933423599 | 6.905853934956734 | 7
06-16 19:45 root         INFO     Succ: 3/4/190 | avg time: 50.58 s | avg iter: 177.00
06-16 19:47 root         INFO     Final search status | success value | iter: 13.395534083902817 | inf | 500
06-16 19:47 root         INFO     Succ: 3/5/190 | avg time: 67.86 s | avg iter: 241.60
06-16 19:47 root         INFO     Synthesis route found!
06-16 19:47 root         INFO     Final search status | success value | iter: 6.489201688301047 | 11.454005516137968 | 44
06-16 19:47 root         INFO     Succ: 4/6/190 | avg time: 57.99 s | avg iter: 208.67
06-16 19:48 root         INFO     Synthesis route found!
06-16 19:48 root         INFO     Final search status | success value | iter: 7.619367995485635 | 7.369134933081711 | 193
06-16 19:48 root         INFO     Succ: 5/7/190 | avg time: 58.07 s | avg iter: 206.43
06-16 19:50 root         INFO     Final search status | success value | iter: 10.32588067268762 | inf | 500
06-16 19:50 root         INFO     Succ: 5/8/190 | avg time: 65.81 s | avg iter: 243.12
06-16 19:50 root         INFO     Synthesis route found!
06-16 19:50 root         INFO     Final search status | success value | iter: 8.057600732409979 | 10.430611124944178 | 45
06-16 19:50 root         INFO     Succ: 6/9/190 | avg time: 59.48 s | avg iter: 221.11
06-16 19:51 root         INFO     Synthesis route found!
06-16 19:51 root         INFO     Final search status | success value | iter: 6.899721401477325 | 9.841124807313602 | 135
06-16 19:51 root         INFO     Succ: 7/10/190 | avg time: 56.17 s | avg iter: 212.50
06-16 19:51 root         INFO     Synthesis route found!
06-16 19:51 root         INFO     Final search status | success value | iter: 5.212180064911388 | 4.920680112845909 | 10
06-16 19:51 root         INFO     Succ: 8/11/190 | avg time: 51.23 s | avg iter: 194.09
06-16 19:51 root         INFO     Synthesis route found!
06-16 19:51 root         INFO     Final search status | success value | iter: 4.028335451865884 | 3.8076253152885036 | 13
06-16 19:51 root         INFO     Succ: 9/12/190 | avg time: 47.12 s | avg iter: 179.00
06-16 19:51 root         INFO     Synthesis route found!
06-16 19:51 root         INFO     Final search status | success value | iter: 1.1763876488296776 | 0.7581519410644815 | 4
06-16 19:51 root         INFO     Succ: 10/13/190 | avg time: 43.57 s | avg iter: 165.54
06-16 19:54 root         INFO     Final search status | success value | iter: 13.17930989227397 | inf | 500
06-16 19:54 root         INFO     Succ: 10/14/190 | avg time: 52.31 s | avg iter: 189.43
06-16 19:54 root         INFO     Synthesis route found!
06-16 19:54 root         INFO     Final search status | success value | iter: 7.961652182973836 | 8.009364540291639 | 90
06-16 19:54 root         INFO     Succ: 11/15/190 | avg time: 50.33 s | avg iter: 182.80
06-16 19:54 root         INFO     Synthesis route found!
06-16 19:54 root         INFO     Final search status | success value | iter: 1.5482137414679338 | 0.47486893260558566 | 4
06-16 19:54 root         INFO     Succ: 12/16/190 | avg time: 47.25 s | avg iter: 171.62
06-16 19:54 root         INFO     Synthesis route found!
06-16 19:54 root         INFO     Final search status | success value | iter: 6.190958033828143 | 9.13236143966442 | 50
06-16 19:54 root         INFO     Succ: 13/17/190 | avg time: 45.21 s | avg iter: 164.47
06-16 19:54 root         INFO     Expansion fails on CC1=CC=CC(C)(C(F)(F)F)C1!
06-16 19:54 root         INFO     Synthesis route found!
06-16 19:54 root         INFO     Final search status | success value | iter: 2.583647414353086 | 0.7421950685176055 | 8
06-16 19:54 root         INFO     Succ: 14/18/190 | avg time: 42.77 s | avg iter: 155.78
06-16 19:54 root         INFO     Synthesis route found!
06-16 19:54 root         INFO     Final search status | success value | iter: 7.366948884153475 | 12.967562620700917 | 41
06-16 19:54 root         INFO     Succ: 15/19/190 | avg time: 41.06 s | avg iter: 149.74
06-16 19:57 root         INFO     Synthesis route found!
06-16 19:57 root         INFO     Final search status | success value | iter: 8.352770718970703 | 8.22524696292742 | 474
06-16 19:57 root         INFO     Succ: 16/20/190 | avg time: 46.91 s | avg iter: 165.95
06-16 19:57 root         INFO     Synthesis route found!
06-16 19:57 root         INFO     Final search status | success value | iter: 5.2261627465391305 | 5.19789983730383 | 7
06-16 19:57 root         INFO     Succ: 17/21/190 | avg time: 44.77 s | avg iter: 158.38
06-16 19:59 root         INFO     Synthesis route found!
06-16 19:59 root         INFO     Final search status | success value | iter: 7.672183116976906 | 7.421950054572982 | 202
06-16 19:59 root         INFO     Succ: 18/22/190 | avg time: 46.95 s | avg iter: 160.36
06-16 19:59 root         INFO     Synthesis route found!
06-16 19:59 root         INFO     Final search status | success value | iter: 1.118158341971175 | 1.0001169951401394 | 4
06-16 19:59 root         INFO     Succ: 19/23/190 | avg time: 44.97 s | avg iter: 153.57
06-16 20:00 root         INFO     Synthesis route found!
06-16 20:00 root         INFO     Final search status | success value | iter: 9.091008964065535 | 9.83048268485156 | 119
06-16 20:00 root         INFO     Succ: 20/24/190 | avg time: 45.47 s | avg iter: 152.12
06-16 20:03 root         INFO     Final search status | success value | iter: 9.938915287204708 | inf | 500
06-16 20:03 root         INFO     Succ: 20/25/190 | avg time: 52.41 s | avg iter: 166.04
06-16 20:03 root         INFO     Synthesis route found!
06-16 20:03 root         INFO     Final search status | success value | iter: 0.6804606294361073 | 0.1586888346459482 | 3
06-16 20:03 root         INFO     Succ: 21/26/190 | avg time: 50.42 s | avg iter: 159.77
06-16 20:05 root         INFO     Final search status | success value | iter: 9.313353123506504 | inf | 500
06-16 20:05 root         INFO     Succ: 21/27/190 | avg time: 53.25 s | avg iter: 172.37
06-16 20:07 root         INFO     Synthesis route found!
06-16 20:07 root         INFO     Final search status | success value | iter: 10.585878323969187 | 7.38799766607357 | 364
06-16 20:07 root         INFO     Succ: 22/28/190 | avg time: 54.34 s | avg iter: 179.21
06-16 20:07 root         INFO     Synthesis route found!
06-16 20:07 root         INFO     Final search status | success value | iter: 1.61484796111637 | 0.14932362712625913 | 7
06-16 20:07 root         INFO     Succ: 23/29/190 | avg time: 52.52 s | avg iter: 173.28
06-16 20:07 root         INFO     Synthesis route found!
06-16 20:07 root         INFO     Final search status | success value | iter: 5.517682976061396 | 10.941441803451124 | 62
06-16 20:07 root         INFO     Succ: 24/30/190 | avg time: 51.15 s | avg iter: 169.57
06-16 20:07 root         INFO     Synthesis route found!
06-16 20:07 root         INFO     Final search status | success value | iter: 8.516442066646897 | 6.532384963934778 | 52
06-16 20:07 root         INFO     Succ: 25/31/190 | avg time: 50.13 s | avg iter: 165.77
06-16 20:08 root         INFO     Synthesis route found!
06-16 20:08 root         INFO     Final search status | success value | iter: 6.9452245538593615 | 9.182854808726175 | 185
06-16 20:08 root         INFO     Succ: 26/32/190 | avg time: 50.15 s | avg iter: 166.38
06-16 20:08 root         INFO     Synthesis route found!
06-16 20:08 root         INFO     Final search status | success value | iter: 6.716696074413832 | 11.681499902250753 | 21
06-16 20:08 root         INFO     Succ: 27/33/190 | avg time: 48.88 s | avg iter: 161.97
06-16 20:10 root         INFO     Synthesis route found!
06-16 20:10 root         INFO     Final search status | success value | iter: 7.837425559524725 | 9.82598128158742 | 215
06-16 20:10 root         INFO     Succ: 28/34/190 | avg time: 49.77 s | avg iter: 163.53
06-16 20:10 root         INFO     Synthesis route found!
06-16 20:10 root         INFO     Final search status | success value | iter: 5.2462788678796 | 5.6105790968112945 | 62
06-16 20:10 root         INFO     Succ: 29/35/190 | avg time: 48.77 s | avg iter: 160.63
06-16 20:10 root         INFO     Synthesis route found!
06-16 20:10 root         INFO     Final search status | success value | iter: 9.262851687236298 | 12.211162774564837 | 101
06-16 20:10 root         INFO     Succ: 30/36/190 | avg time: 48.22 s | avg iter: 158.97
06-16 20:10 root         INFO     Synthesis route found!
06-16 20:10 root         INFO     Final search status | success value | iter: 8.0679278558655 | 7.493104683281497 | 14
06-16 20:10 root         INFO     Succ: 31/37/190 | avg time: 46.99 s | avg iter: 155.05
06-16 20:11 root         INFO     Synthesis route found!
06-16 20:11 root         INFO     Final search status | success value | iter: 8.818042774923331 | 9.182343003855024 | 159
06-16 20:11 root         INFO     Succ: 32/38/190 | avg time: 46.52 s | avg iter: 155.16
06-16 20:12 root         INFO     Synthesis route found!
06-16 20:12 root         INFO     Final search status | success value | iter: 10.515690547947564 | 10.726471737352533 | 276
06-16 20:12 root         INFO     Succ: 33/39/190 | avg time: 46.92 s | avg iter: 158.26
06-16 20:12 root         INFO     Synthesis route found!
06-16 20:12 root         INFO     Final search status | success value | iter: 6.147353874113131 | 6.793247567689907 | 63
06-16 20:12 root         INFO     Succ: 34/40/190 | avg time: 46.17 s | avg iter: 155.88
06-16 20:13 root         INFO     Synthesis route found!
06-16 20:13 root         INFO     Final search status | success value | iter: 7.575004890942981 | 7.324771828539058 | 201
06-16 20:13 root         INFO     Succ: 35/41/190 | avg time: 47.00 s | avg iter: 156.98
06-16 20:14 root         INFO     Synthesis route found!
06-16 20:14 root         INFO     Final search status | success value | iter: 3.8069650726328916 | 3.035672024006754 | 12
06-16 20:14 root         INFO     Succ: 36/42/190 | avg time: 45.96 s | avg iter: 153.52
06-16 20:14 root         INFO     Synthesis route found!
06-16 20:14 root         INFO     Final search status | success value | iter: 0.3187753233054764 | 0.055237742755028026 | 2
06-16 20:14 root         INFO     Succ: 37/43/190 | avg time: 44.90 s | avg iter: 150.00
06-16 20:16 root         INFO     Synthesis route found!
06-16 20:16 root         INFO     Final search status | success value | iter: 8.50540634943308 | 8.255173287029157 | 391
06-16 20:16 root         INFO     Succ: 38/44/190 | avg time: 47.67 s | avg iter: 155.48
06-16 20:16 root         INFO     Synthesis route found!
06-16 20:16 root         INFO     Final search status | success value | iter: 6.915603993693147 | 11.88040782153007 | 14
06-16 20:16 root         INFO     Succ: 39/45/190 | avg time: 46.72 s | avg iter: 152.33
06-16 20:19 root         INFO     Final search status | success value | iter: 9.264722709938612 | inf | 500
06-16 20:19 root         INFO     Succ: 39/46/190 | avg time: 49.55 s | avg iter: 159.89
06-16 20:22 root         INFO     Final search status | success value | iter: 8.573942291887708 | inf | 500
06-16 20:22 root         INFO     Succ: 39/47/190 | avg time: 52.16 s | avg iter: 167.13
06-16 20:24 root         INFO     Final search status | success value | iter: 7.439002806075385 | inf | 500
06-16 20:24 root         INFO     Succ: 39/48/190 | avg time: 53.55 s | avg iter: 174.06
06-16 20:24 root         INFO     Expansion fails on Cn1oc(=O)nc1SSc1nc(=O)on1C!
06-16 20:24 root         INFO     Expansion fails on Cn1oc(=O)nc1S(=O)[O-]!
06-16 20:24 root         INFO     Expansion fails on Cn1oc(=O)nc1SC#N!
06-16 20:24 root         INFO     Expansion fails on Cn1oc(=O)nc1SC(=O)Cl!
06-16 20:25 root         INFO     Expansion fails on Cn1oc(=O)nc1SSc1nc(=O)on1C!
06-16 20:25 root         INFO     Expansion fails on Cn1oc(=O)nc1SSc1nc(=O)on1C!
06-16 20:25 root         INFO     Synthesis route found!
06-16 20:25 root         INFO     Final search status | success value | iter: 7.188219846733852 | 6.987341145855063 | 213
06-16 20:25 root         INFO     Succ: 40/49/190 | avg time: 53.36 s | avg iter: 174.86
06-16 20:26 root         INFO     Synthesis route found!
06-16 20:26 root         INFO     Final search status | success value | iter: 9.127038590024336 | 7.307288187146311 | 132
06-16 20:26 root         INFO     Succ: 41/50/190 | avg time: 53.18 s | avg iter: 174.00
06-16 20:26 root         INFO     Synthesis route found!
06-16 20:26 root         INFO     Final search status | success value | iter: 6.742861260752748 | 12.146501435059593 | 158
06-16 20:26 root         INFO     Succ: 42/51/190 | avg time: 52.92 s | avg iter: 173.69
06-16 20:26 root         INFO     Synthesis route found!
06-16 20:26 root         INFO     Final search status | success value | iter: 1.5025890260307648 | 1.398558027563899 | 9
06-16 20:26 root         INFO     Succ: 43/52/190 | avg time: 51.94 s | avg iter: 170.52
06-16 20:27 root         INFO     Synthesis route found!
06-16 20:27 root         INFO     Final search status | success value | iter: 5.748807893857812 | 5.563438871761759 | 114
06-16 20:27 root         INFO     Succ: 44/53/190 | avg time: 51.54 s | avg iter: 169.45
06-16 20:27 root         INFO     Synthesis route found!
06-16 20:27 root         INFO     Final search status | success value | iter: 0.9104224872627484 | 5.000990488402947 | 3
06-16 20:27 root         INFO     Succ: 45/54/190 | avg time: 50.63 s | avg iter: 166.37
06-16 20:27 root         INFO     Synthesis route found!
06-16 20:27 root         INFO     Final search status | success value | iter: 5.517694963738848 | 10.941453791128575 | 63
06-16 20:27 root         INFO     Succ: 46/55/190 | avg time: 50.05 s | avg iter: 164.49
06-16 20:27 root         INFO     Synthesis route found!
06-16 20:27 root         INFO     Final search status | success value | iter: 7.341991537250493 | 6.908811575891693 | 8
06-16 20:27 root         INFO     Succ: 47/56/190 | avg time: 49.21 s | avg iter: 161.70
06-16 20:28 root         INFO     Synthesis route found!
06-16 20:28 root         INFO     Final search status | success value | iter: 7.663850158168557 | 6.533857591463114 | 73
06-16 20:28 root         INFO     Succ: 48/57/190 | avg time: 48.91 s | avg iter: 160.14
06-16 20:30 root         INFO     Final search status | success value | iter: 10.439872805373865 | inf | 500
06-16 20:30 root         INFO     Succ: 48/58/190 | avg time: 50.18 s | avg iter: 166.00
06-16 20:30 root         INFO     Expansion fails on C[Mg]Br!
06-16 20:30 root         INFO     Synthesis route found!
06-16 20:30 root         INFO     Final search status | success value | iter: 8.48205392755112 | 7.612761972496829 | 16
06-16 20:30 root         INFO     Succ: 49/59/190 | avg time: 49.43 s | avg iter: 163.46
06-16 20:30 root         INFO     Synthesis route found!
06-16 20:30 root         INFO     Final search status | success value | iter: 1.7561812485759614 | 0.2906569145858507 | 8
06-16 20:30 root         INFO     Succ: 50/60/190 | avg time: 48.64 s | avg iter: 160.87
06-16 20:30 root         INFO     Synthesis route found!
06-16 20:30 root         INFO     Final search status | success value | iter: 5.947786483924031 | 12.681285721260164 | 46
06-16 20:30 root         INFO     Succ: 51/61/190 | avg time: 48.00 s | avg iter: 158.98
06-16 20:31 root         INFO     Synthesis route found!
06-16 20:31 root         INFO     Final search status | success value | iter: 7.761856712104198 | 7.151679674725779 | 154
06-16 20:31 root         INFO     Succ: 52/62/190 | avg time: 48.27 s | avg iter: 158.90
06-16 20:31 root         INFO     Synthesis route found!
06-16 20:31 root         INFO     Final search status | success value | iter: 5.883448131629592 | 5.558977516228598 | 23
06-16 20:31 root         INFO     Succ: 53/63/190 | avg time: 47.59 s | avg iter: 156.75
06-16 20:33 root         INFO     Synthesis route found!
06-16 20:33 root         INFO     Final search status | success value | iter: 9.416374962160189 | 9.166141899756271 | 299
06-16 20:33 root         INFO     Succ: 54/64/190 | avg time: 48.88 s | avg iter: 158.97
06-16 20:34 root         INFO     Synthesis route found!
06-16 20:34 root         INFO     Final search status | success value | iter: 8.864832607480249 | 15.333303561816392 | 223
06-16 20:34 root         INFO     Succ: 55/65/190 | avg time: 49.05 s | avg iter: 159.95
06-16 20:37 root         INFO     Synthesis route found!
06-16 20:37 root         INFO     Final search status | success value | iter: 8.233738854074506 | 7.535232874415742 | 417
06-16 20:37 root         INFO     Succ: 56/66/190 | avg time: 51.04 s | avg iter: 163.85
06-16 20:38 root         INFO     Synthesis route found!
06-16 20:38 root         INFO     Final search status | success value | iter: 7.024698727764104 | 6.908198974806607 | 36
06-16 20:38 root         INFO     Succ: 57/67/190 | avg time: 50.45 s | avg iter: 161.94
06-16 20:38 root         INFO     Synthesis route found!
06-16 20:38 root         INFO     Final search status | success value | iter: 8.008390517983539 | 6.667390602395725 | 33
06-16 20:38 root         INFO     Succ: 58/68/190 | avg time: 49.82 s | avg iter: 160.04
06-16 20:38 root         INFO     Synthesis route found!
06-16 20:38 root         INFO     Final search status | success value | iter: 7.758416925247052 | 9.53426073040407 | 110
06-16 20:38 root         INFO     Succ: 59/69/190 | avg time: 49.50 s | avg iter: 159.32
06-16 20:40 root         INFO     Synthesis route found!
06-16 20:40 root         INFO     Final search status | success value | iter: 7.655698140478601 | 7.40546507807468 | 198
06-16 20:40 root         INFO     Succ: 60/70/190 | avg time: 50.03 s | avg iter: 159.87
06-16 20:41 root         INFO     Synthesis route found!
06-16 20:41 root         INFO     Final search status | success value | iter: 9.437960290349935 | 8.714302806262584 | 172
06-16 20:41 root         INFO     Succ: 61/71/190 | avg time: 50.01 s | avg iter: 160.04
06-16 20:41 root         INFO     Synthesis route found!
06-16 20:41 root         INFO     Final search status | success value | iter: 7.207393013872121 | 12.036424730114216 | 73
06-16 20:41 root         INFO     Succ: 62/72/190 | avg time: 49.69 s | avg iter: 158.83
06-16 20:41 root         INFO     Synthesis route found!
06-16 20:41 root         INFO     Final search status | success value | iter: 6.751484910812231 | 8.164480758965427 | 35
06-16 20:41 root         INFO     Succ: 63/73/190 | avg time: 49.19 s | avg iter: 157.14
06-16 20:42 root         INFO     Synthesis route found!
06-16 20:42 root         INFO     Final search status | success value | iter: 8.97351485342266 | 8.614263100300377 | 36
06-16 20:42 root         INFO     Succ: 64/74/190 | avg time: 48.79 s | avg iter: 155.50
06-16 20:42 root         INFO     Expansion fails on C=C1CC2(CC[C@]1(C)[C@H]1CC[C@@]3(C)[C@@H](CC[C@@H]3N(C=O)C3CC3)[C@@H]1CC#C[Si](C)(C)C)OCCO2!
06-16 20:42 root         INFO     Expansion fails on C=C1CC2(CC[C@]1(C)[C@H]1CC[C@@]3(C)[C@@H](CC[C@@H]3N(C=O)C3CC3)[C@@H]1CC#C[Si](C)(C)C)OCCO2!
06-16 20:43 root         INFO     Synthesis route found!
06-16 20:43 root         INFO     Final search status | success value | iter: 14.78547524220003 | 17.188497912387 | 257
06-16 20:43 root         INFO     Succ: 65/75/190 | avg time: 48.96 s | avg iter: 156.85
06-16 20:43 root         INFO     Synthesis route found!
06-16 20:43 root         INFO     Final search status | success value | iter: 7.573298596776937 | 13.815510557964274 | 123
06-16 20:43 root         INFO     Succ: 66/76/190 | avg time: 48.76 s | avg iter: 156.41
06-16 20:43 root         INFO     Synthesis route found!
06-16 20:43 root         INFO     Final search status | success value | iter: 6.24173902769758 | 12.975238265033711 | 34
06-16 20:43 root         INFO     Succ: 67/77/190 | avg time: 48.23 s | avg iter: 154.82
06-16 20:43 root         INFO     Synthesis route found!
06-16 20:43 root         INFO     Final search status | success value | iter: 0.4964580208160839 | 0.17927029868600702 | 2
06-16 20:43 root         INFO     Succ: 68/78/190 | avg time: 47.62 s | avg iter: 152.86
06-16 20:43 root         INFO     Synthesis route found!
06-16 20:43 root         INFO     Final search status | success value | iter: 2.482622690746259 | 4.181744325380414 | 3
06-16 20:43 root         INFO     Succ: 69/79/190 | avg time: 47.04 s | avg iter: 150.96
06-16 20:47 root         INFO     Final search status | success value | iter: 9.701981684802107 | inf | 500
06-16 20:47 root         INFO     Succ: 69/80/190 | avg time: 49.07 s | avg iter: 155.32
06-16 20:47 root         INFO     Synthesis route found!
06-16 20:47 root         INFO     Final search status | success value | iter: 7.047046325413241 | 13.205687806253898 | 118
06-16 20:47 root         INFO     Succ: 70/81/190 | avg time: 48.79 s | avg iter: 154.86
06-16 20:52 root         INFO     Final search status | success value | iter: 15.146882345711948 | inf | 500
06-16 20:52 root         INFO     Succ: 70/82/190 | avg time: 51.54 s | avg iter: 159.07
06-16 20:53 root         INFO     Synthesis route found!
06-16 20:53 root         INFO     Final search status | success value | iter: 8.116111060378277 | 6.907909577527839 | 242
06-16 20:53 root         INFO     Succ: 71/83/190 | avg time: 51.68 s | avg iter: 160.07
06-16 20:53 root         INFO     Expansion fails on C[C@@H](n1ccn(C(=O)OC(C)(C)C)c1=O)[C@@]1(c2cc(Cl)c(F)cc2F)CO1!
06-16 20:53 root         INFO     Expansion fails on C[C@@H](n1ccn(C(=O)OC(C)(C)C)c1=O)[C@@]1(c2cc(Cl)c(F)cc2F)CO1!
06-16 20:54 root         INFO     Expansion fails on C[C@@H](n1ccn(C(=O)OC(C)(C)C)c1=O)[C@@]1(c2ccc(F)c(Cl)c2F)CO1!
06-16 20:54 root         INFO     Expansion fails on C[C@@H](n1ccn(C(=O)OC(C)(C)C)c1=O)[C@@]1(c2ccc(F)c(Cl)c2F)CO1!
06-16 20:54 root         INFO     Expansion fails on C[C@@H](n1ccn(C(=O)OC(C)(C)C)c1=O)[C@@]1(c2cc(Cl)c(F)cc2F)CO1!
06-16 20:54 root         INFO     Expansion fails on C[C@@H](n1ccn(C(=O)OC(C)(C)C)c1=O)[C@@]1(c2ccc(F)c(Cl)c2F)CO1!
06-16 20:55 root         INFO     Expansion fails on C[C@@H](n1ccn(C(=O)OC(C)(C)C)c1=O)[C@@]1(c2ccc(F)c(Cl)c2F)CO1!
06-16 20:55 root         INFO     Expansion fails on C[C@@H](n1ccn(C(=O)OC(C)(C)C)c1=O)[C@@]1(c2cc(Cl)c(F)cc2F)CO1!
06-16 20:55 root         INFO     Expansion fails on C[C@@H](n1ccn(C(=O)OC(C)(C)C)c1=O)[C@@]1(c2cc(Cl)c(F)cc2F)CO1!
06-16 20:55 root         INFO     Final search status | success value | iter: 10.877414840895014 | inf | 500
06-16 20:55 root         INFO     Succ: 71/84/190 | avg time: 52.46 s | avg iter: 164.12
06-16 20:55 root         INFO     Synthesis route found!
06-16 20:55 root         INFO     Final search status | success value | iter: 6.145625867460282 | 10.153770711955287 | 69
06-16 20:55 root         INFO     Succ: 72/85/190 | avg time: 52.11 s | avg iter: 163.00
06-16 20:55 root         INFO     Synthesis route found!
06-16 20:55 root         INFO     Final search status | success value | iter: 8.507160409040576 | 13.720679092060577 | 31
06-16 20:55 root         INFO     Succ: 73/86/190 | avg time: 51.60 s | avg iter: 161.47
06-16 20:56 root         INFO     Synthesis route found!
06-16 20:56 root         INFO     Final search status | success value | iter: 7.146763406302236 | 12.554109659779547 | 40
06-16 20:56 root         INFO     Succ: 74/87/190 | avg time: 51.15 s | avg iter: 160.07
06-16 20:57 root         INFO     Synthesis route found!
06-16 20:57 root         INFO     Final search status | success value | iter: 10.670917270154998 | 16.74038859308626 | 338
06-16 20:57 root         INFO     Succ: 75/88/190 | avg time: 51.76 s | avg iter: 162.09
06-16 20:57 root         INFO     Expansion fails on CC1=CC=CC(C)(C(F)(F)F)C1!
06-16 20:57 root         INFO     Synthesis route found!
06-16 20:57 root         INFO     Final search status | success value | iter: 2.5839557202160033 | 0.7425033743805225 | 9
06-16 20:57 root         INFO     Succ: 76/89/190 | avg time: 51.19 s | avg iter: 160.37
06-16 20:58 root         INFO     Synthesis route found!
06-16 20:58 root         INFO     Final search status | success value | iter: 8.81800608355779 | 9.182306312489487 | 236
06-16 20:58 root         INFO     Succ: 77/90/190 | avg time: 51.27 s | avg iter: 161.21
06-16 21:00 root         INFO     Synthesis route found!
06-16 21:00 root         INFO     Final search status | success value | iter: 9.513035296492129 | 8.924091605542731 | 406
06-16 21:00 root         INFO     Succ: 78/91/190 | avg time: 51.87 s | avg iter: 163.90
06-16 21:00 root         INFO     Synthesis route found!
06-16 21:00 root         INFO     Final search status | success value | iter: 1.320682046868176 | 0.9619509424715627 | 6
06-16 21:00 root         INFO     Succ: 79/92/190 | avg time: 51.32 s | avg iter: 162.18
06-16 21:00 root         INFO     Synthesis route found!
06-16 21:00 root         INFO     Final search status | success value | iter: 1.5194835856922757 | 1.9179733862534167 | 4
06-16 21:00 root         INFO     Succ: 80/93/190 | avg time: 50.78 s | avg iter: 160.48
06-16 21:00 root         INFO     Synthesis route found!
06-16 21:00 root         INFO     Final search status | success value | iter: 0.4688099197344164 | 0.10300115969474057 | 4
06-16 21:00 root         INFO     Succ: 81/94/190 | avg time: 50.26 s | avg iter: 158.82
06-16 21:04 root         INFO     Final search status | success value | iter: 9.91144168521673 | inf | 500
06-16 21:04 root         INFO     Succ: 81/95/190 | avg time: 52.01 s | avg iter: 162.41
06-16 21:04 root         INFO     Synthesis route found!
06-16 21:04 root         INFO     Final search status | success value | iter: 6.616968907628717 | 8.029964755781911 | 26
06-16 21:04 root         INFO     Succ: 82/96/190 | avg time: 51.55 s | avg iter: 160.99
06-16 21:05 root         INFO     Synthesis route found!
06-16 21:05 root         INFO     Final search status | success value | iter: 7.539392151972541 | 12.35445407411834 | 169
06-16 21:05 root         INFO     Succ: 83/97/190 | avg time: 51.49 s | avg iter: 161.07
06-16 21:06 root         INFO     Synthesis route found!
06-16 21:06 root         INFO     Final search status | success value | iter: 8.79663322555502 | 7.563323773655304 | 225
06-16 21:06 root         INFO     Succ: 84/98/190 | avg time: 51.65 s | avg iter: 161.72
06-16 21:06 root         INFO     Synthesis route found!
06-16 21:06 root         INFO     Final search status | success value | iter: 6.0951623682975065 | 12.613823473371411 | 40
06-16 21:06 root         INFO     Succ: 85/99/190 | avg time: 51.31 s | avg iter: 160.49
06-16 21:06 root         INFO     Synthesis route found!
06-16 21:06 root         INFO     Final search status | success value | iter: 8.57633209139833 | 13.943668148732907 | 109
06-16 21:06 root         INFO     Succ: 86/100/190 | avg time: 51.03 s | avg iter: 159.98
06-16 21:07 root         INFO     Synthesis route found!
06-16 21:07 root         INFO     Final search status | success value | iter: 7.116152703503242 | 10.057556109339519 | 186
06-16 21:07 root         INFO     Succ: 87/101/190 | avg time: 51.07 s | avg iter: 160.24
06-16 21:10 root         INFO     Synthesis route found!
06-16 21:10 root         INFO     Final search status | success value | iter: 8.439705977826769 | 8.189472915422845 | 385
06-16 21:10 root         INFO     Succ: 88/102/190 | avg time: 52.20 s | avg iter: 162.44
06-16 21:13 root         INFO     Final search status | success value | iter: 10.324720358684282 | inf | 500
06-16 21:13 root         INFO     Succ: 88/103/190 | avg time: 53.48 s | avg iter: 165.72
06-16 21:16 root         INFO     Final search status | success value | iter: 12.02617921450094 | inf | 500
06-16 21:16 root         INFO     Succ: 88/104/190 | avg time: 54.48 s | avg iter: 168.93
06-16 21:16 root         INFO     Synthesis route found!
06-16 21:16 root         INFO     Final search status | success value | iter: 8.57717143768355 | 13.944507495018128 | 130
06-16 21:16 root         INFO     Succ: 89/105/190 | avg time: 54.25 s | avg iter: 168.56
06-16 21:16 root         INFO     Synthesis route found!
06-16 21:16 root         INFO     Final search status | success value | iter: 5.657563096593249 | 9.602767255986526 | 29
06-16 21:16 root         INFO     Succ: 90/106/190 | avg time: 53.82 s | avg iter: 167.25
06-16 21:17 root         INFO     Synthesis route found!
06-16 21:17 root         INFO     Final search status | success value | iter: 6.810357604391147 | 8.671371132037459 | 28
06-16 21:17 root         INFO     Succ: 91/107/190 | avg time: 53.44 s | avg iter: 165.94
06-16 21:17 root         INFO     Synthesis route found!
06-16 21:17 root         INFO     Final search status | success value | iter: 1.13497722634283 | 0.7762461219462166 | 6
06-16 21:17 root         INFO     Succ: 92/108/190 | avg time: 52.96 s | avg iter: 164.46
06-16 21:17 root         INFO     Synthesis route found!
06-16 21:17 root         INFO     Final search status | success value | iter: 5.212216406316625 | 4.920716454251146 | 11
06-16 21:17 root         INFO     Succ: 93/109/190 | avg time: 52.50 s | avg iter: 163.06
06-16 21:17 root         INFO     Synthesis route found!
06-16 21:17 root         INFO     Final search status | success value | iter: 7.018630154096275 | 5.8806250946717 | 26
06-16 21:17 root         INFO     Succ: 94/110/190 | avg time: 52.08 s | avg iter: 161.81
06-16 21:17 root         INFO     Synthesis route found!
06-16 21:17 root         INFO     Final search status | success value | iter: 8.72435140745979 | 14.091687464794369 | 142
06-16 21:17 root         INFO     Succ: 95/111/190 | avg time: 51.90 s | avg iter: 161.63
06-16 21:17 root         INFO     Synthesis route found!
06-16 21:17 root         INFO     Final search status | success value | iter: 2.593433407348873 | 1.8221403587227358 | 7
06-16 21:17 root         INFO     Succ: 96/112/190 | avg time: 51.45 s | avg iter: 160.25
06-16 21:18 root         INFO     Synthesis route found!
06-16 21:18 root         INFO     Final search status | success value | iter: 6.454021216383158 | 7.099914909959933 | 73
06-16 21:18 root         INFO     Succ: 97/113/190 | avg time: 51.21 s | avg iter: 159.48
06-16 21:18 root         INFO     Synthesis route found!
06-16 21:18 root         INFO     Final search status | success value | iter: 0.5399271826930622 | 0.311748368600699 | 7
06-16 21:18 root         INFO     Succ: 98/114/190 | avg time: 50.77 s | avg iter: 158.14
06-16 21:18 root         INFO     Synthesis route found!
06-16 21:18 root         INFO     Final search status | success value | iter: 12.774550614793514 | 12.485216385250887 | 157
06-16 21:18 root         INFO     Succ: 99/115/190 | avg time: 50.66 s | avg iter: 158.13
06-16 21:21 root         INFO     Final search status | success value | iter: 8.793604590932695 | inf | 500
06-16 21:21 root         INFO     Succ: 99/116/190 | avg time: 51.37 s | avg iter: 161.08
06-16 21:21 root         INFO     Expansion fails on Cn1oc(=O)nc1SSc1nc(=O)on1C!
06-16 21:21 root         INFO     Expansion fails on Cn1oc(=O)nc1S(=O)[O-]!
06-16 21:21 root         INFO     Expansion fails on Cn1oc(=O)nc1SC#N!
06-16 21:21 root         INFO     Expansion fails on Cn1oc(=O)nc1SC(=O)Cl!
06-16 21:21 root         INFO     Expansion fails on Cn1oc(=O)nc1SSc1nc(=O)on1C!
06-16 21:21 root         INFO     Expansion fails on Cn1oc(=O)nc1SSc1nc(=O)on1C!
06-16 21:21 root         INFO     Synthesis route found!
06-16 21:21 root         INFO     Final search status | success value | iter: 7.168810507433215 | 6.967931806554426 | 195
06-16 21:21 root         INFO     Succ: 100/117/190 | avg time: 51.30 s | avg iter: 161.37
06-16 21:22 root         INFO     Synthesis route found!
06-16 21:22 root         INFO     Final search status | success value | iter: 7.776530817851549 | 7.25416744349214 | 21
06-16 21:22 root         INFO     Succ: 101/118/190 | avg time: 50.94 s | avg iter: 160.18
06-16 21:25 root         INFO     Final search status | success value | iter: 11.424419042964818 | inf | 500
06-16 21:25 root         INFO     Succ: 101/119/190 | avg time: 52.22 s | avg iter: 163.03
06-16 21:25 root         INFO     Synthesis route found!
06-16 21:25 root         INFO     Final search status | success value | iter: 8.897071194957185 | 7.556071279369371 | 46
06-16 21:25 root         INFO     Succ: 102/120/190 | avg time: 51.89 s | avg iter: 162.06
06-16 21:25 root         INFO     Synthesis route found!
06-16 21:25 root         INFO     Final search status | success value | iter: 0.8509127902287064 | 7.666692611244515 | 6
06-16 21:25 root         INFO     Succ: 103/121/190 | avg time: 51.47 s | avg iter: 160.77
06-16 21:25 root         INFO     Synthesis route found!
06-16 21:25 root         INFO     Final search status | success value | iter: 5.878288390405509 | 5.779991813208555 | 19
06-16 21:25 root         INFO     Succ: 104/122/190 | avg time: 51.08 s | avg iter: 159.61
06-16 21:25 root         INFO     Synthesis route found!
06-16 21:25 root         INFO     Final search status | success value | iter: 7.146637472550653 | 12.553983726027964 | 40
06-16 21:25 root         INFO     Succ: 105/123/190 | avg time: 50.76 s | avg iter: 158.63
06-16 21:28 root         INFO     Final search status | success value | iter: 11.185069308654807 | inf | 500
06-16 21:28 root         INFO     Succ: 105/124/190 | avg time: 51.69 s | avg iter: 161.39
06-16 21:28 root         INFO     Synthesis route found!
06-16 21:28 root         INFO     Final search status | success value | iter: 5.964034167349159 | 12.697533404685291 | 48
06-16 21:28 root         INFO     Succ: 106/125/190 | avg time: 51.33 s | avg iter: 160.48
06-16 21:30 root         INFO     Final search status | success value | iter: 8.63395303771983 | inf | 500
06-16 21:30 root         INFO     Succ: 106/126/190 | avg time: 51.65 s | avg iter: 163.17
06-16 21:32 root         INFO     Synthesis route found!
06-16 21:32 root         INFO     Final search status | success value | iter: 9.188198098376915 | 8.937965035972992 | 357
06-16 21:32 root         INFO     Succ: 107/127/190 | avg time: 52.08 s | avg iter: 164.70
06-16 21:32 root         INFO     Synthesis route found!
06-16 21:32 root         INFO     Final search status | success value | iter: 4.030035577271804 | 3.809325440694424 | 14
06-16 21:32 root         INFO     Succ: 108/128/190 | avg time: 51.69 s | avg iter: 163.52
06-16 21:32 root         INFO     Synthesis route found!
06-16 21:32 root         INFO     Final search status | success value | iter: 1.5774181694021525 | 1.2186870650055392 | 6
06-16 21:32 root         INFO     Succ: 109/129/190 | avg time: 51.30 s | avg iter: 162.30
06-16 21:32 root         INFO     Synthesis route found!
06-16 21:32 root         INFO     Final search status | success value | iter: 7.249778048173656 | 9.463559046923567 | 92
06-16 21:32 root         INFO     Succ: 110/130/190 | avg time: 51.02 s | avg iter: 161.76
06-16 21:33 root         INFO     Synthesis route found!
06-16 21:33 root         INFO     Final search status | success value | iter: 8.496225303220335 | 7.288023820369898 | 335
06-16 21:33 root         INFO     Succ: 111/131/190 | avg time: 51.18 s | avg iter: 163.08
06-16 21:34 root         INFO     Synthesis route found!
06-16 21:34 root         INFO     Final search status | success value | iter: 9.908085566879393 | 10.118866756284362 | 255
06-16 21:34 root         INFO     Succ: 112/132/190 | avg time: 51.20 s | avg iter: 163.78
06-16 21:34 root         INFO     Synthesis route found!
06-16 21:34 root         INFO     Final search status | success value | iter: 5.646290958877401 | 5.460921936781348 | 100
06-16 21:34 root         INFO     Succ: 113/133/190 | avg time: 50.99 s | avg iter: 163.30
06-16 21:34 root         INFO     Synthesis route found!
06-16 21:34 root         INFO     Final search status | success value | iter: 1.615025264095082 | 0.14950093010497115 | 8
06-16 21:34 root         INFO     Succ: 114/134/190 | avg time: 50.63 s | avg iter: 162.14
06-16 21:36 root         INFO     Synthesis route found!
06-16 21:36 root         INFO     Final search status | success value | iter: 9.573935681994639 | 8.984991991045241 | 456
06-16 21:36 root         INFO     Succ: 115/135/190 | avg time: 50.92 s | avg iter: 164.32
06-16 21:36 root         INFO     Synthesis route found!
06-16 21:36 root         INFO     Final search status | success value | iter: 7.050054796728786 | 7.00763476309549 | 45
06-16 21:36 root         INFO     Succ: 116/136/190 | avg time: 50.60 s | avg iter: 163.44
06-16 21:36 root         INFO     Synthesis route found!
06-16 21:36 root         INFO     Final search status | success value | iter: 10.19827403966329 | 11.675770010230817 | 2
06-16 21:36 root         INFO     Succ: 117/137/190 | avg time: 50.24 s | avg iter: 162.26
06-16 21:36 root         INFO     Synthesis route found!
06-16 21:36 root         INFO     Final search status | success value | iter: 6.834086511941192 | 13.597697091945857 | 11
06-16 21:36 root         INFO     Succ: 118/138/190 | avg time: 49.90 s | avg iter: 161.17
06-16 21:36 root         INFO     Synthesis route found!
06-16 21:36 root         INFO     Final search status | success value | iter: 2.4822842552273605 | 4.181405889861516 | 2
06-16 21:36 root         INFO     Succ: 119/139/190 | avg time: 49.55 s | avg iter: 160.02
06-16 21:37 root         INFO     Synthesis route found!
06-16 21:37 root         INFO     Final search status | success value | iter: 9.588422644994367 | 9.338189582590445 | 179
06-16 21:37 root         INFO     Succ: 120/140/190 | avg time: 49.58 s | avg iter: 160.16
06-16 21:37 root         INFO     Synthesis route found!
06-16 21:37 root         INFO     Final search status | success value | iter: 9.181705535714709 | 8.606882363130705 | 21
06-16 21:37 root         INFO     Succ: 121/141/190 | avg time: 49.27 s | avg iter: 159.17
06-16 21:38 root         INFO     Synthesis route found!
06-16 21:38 root         INFO     Final search status | success value | iter: 7.404369275429298 | 7.122860678426244 | 225
06-16 21:38 root         INFO     Succ: 122/142/190 | avg time: 49.21 s | avg iter: 159.63
06-16 21:38 root         INFO     Synthesis route found!
06-16 21:38 root         INFO     Final search status | success value | iter: 0.3189689516088742 | 0.05543137105842577 | 3
06-16 21:38 root         INFO     Succ: 123/143/190 | avg time: 48.87 s | avg iter: 158.54
06-16 21:39 root         INFO     Synthesis route found!
06-16 21:39 root         INFO     Final search status | success value | iter: 8.50328882608118 | 10.461133650471666 | 222
06-16 21:39 root         INFO     Succ: 124/144/190 | avg time: 48.91 s | avg iter: 158.98
06-16 21:39 root         INFO     Synthesis route found!
06-16 21:39 root         INFO     Final search status | success value | iter: 0.2804570957807087 | 0.1221168492625334 | 4
06-16 21:39 root         INFO     Succ: 125/145/190 | avg time: 48.57 s | avg iter: 157.91
06-16 21:39 root         INFO     Synthesis route found!
06-16 21:39 root         INFO     Final search status | success value | iter: 7.065026018703509 | 6.960995020236645 | 9
06-16 21:39 root         INFO     Succ: 126/146/190 | avg time: 48.25 s | avg iter: 156.89
06-16 21:39 root         INFO     Synthesis route found!
06-16 21:39 root         INFO     Final search status | success value | iter: 1.6146160911011964 | 0.1490917571110856 | 6
06-16 21:39 root         INFO     Succ: 127/147/190 | avg time: 47.94 s | avg iter: 155.86
06-16 21:40 root         INFO     Synthesis route found!
06-16 21:40 root         INFO     Final search status | success value | iter: 8.491261639867684 | 8.85556186879938 | 288
06-16 21:40 root         INFO     Succ: 128/148/190 | avg time: 48.03 s | avg iter: 156.76
06-16 21:40 root         INFO     Synthesis route found!
06-16 21:40 root         INFO     Final search status | success value | iter: 0.3611795064142401 | 0.002448402017626767 | 5
06-16 21:40 root         INFO     Succ: 129/149/190 | avg time: 47.71 s | avg iter: 155.74
06-16 21:41 root         INFO     Synthesis route found!
06-16 21:41 root         INFO     Final search status | success value | iter: 9.661660671170715 | 10.197256239152246 | 206
06-16 21:41 root         INFO     Succ: 130/150/190 | avg time: 47.89 s | avg iter: 156.07
06-16 21:42 root         INFO     Synthesis route found!
06-16 21:42 root         INFO     Final search status | success value | iter: 7.8577700895731 | 7.607537027169178 | 228
06-16 21:42 root         INFO     Succ: 131/151/190 | avg time: 48.08 s | avg iter: 156.55
06-16 21:42 root         INFO     Synthesis route found!
06-16 21:42 root         INFO     Final search status | success value | iter: 1.616700504947151 | 0.15117617095704008 | 8
06-16 21:42 root         INFO     Succ: 132/152/190 | avg time: 47.77 s | avg iter: 155.57
06-16 21:44 root         INFO     Synthesis route found!
06-16 21:44 root         INFO     Final search status | success value | iter: 8.2976809447016 | 8.047447882297677 | 282
06-16 21:44 root         INFO     Succ: 133/153/190 | avg time: 48.00 s | avg iter: 156.40
06-16 21:44 root         INFO     Synthesis route found!
06-16 21:44 root         INFO     Final search status | success value | iter: 1.9790137099120615 | 1.8609723630810258 | 4
06-16 21:44 root         INFO     Succ: 134/154/190 | avg time: 47.69 s | avg iter: 155.41
06-16 21:44 root         INFO     Synthesis route found!
06-16 21:44 root         INFO     Final search status | success value | iter: 5.2121505319367625 | 4.920650579871283 | 9
06-16 21:44 root         INFO     Succ: 135/155/190 | avg time: 47.39 s | avg iter: 154.46
06-16 21:44 root         INFO     Synthesis route found!
06-16 21:44 root         INFO     Final search status | success value | iter: 1.8832079916854012 | 0.9929874195666635 | 6
06-16 21:44 root         INFO     Succ: 136/156/190 | avg time: 47.10 s | avg iter: 153.51
06-16 21:45 root         INFO     Final search status | success value | iter: 8.997393026858516 | inf | 500
06-16 21:45 root         INFO     Succ: 136/157/190 | avg time: 47.39 s | avg iter: 155.72
06-16 21:46 root         INFO     Synthesis route found!
06-16 21:46 root         INFO     Final search status | success value | iter: 7.762582943839362 | 7.152405906460943 | 155
06-16 21:46 root         INFO     Succ: 137/158/190 | avg time: 47.50 s | avg iter: 155.72
06-16 21:47 root         INFO     Synthesis route found!
06-16 21:47 root         INFO     Final search status | success value | iter: 8.818318679720559 | 9.182618908652254 | 179
06-16 21:47 root         INFO     Succ: 138/159/190 | avg time: 47.48 s | avg iter: 155.86
06-16 21:49 root         INFO     Final search status | success value | iter: 8.881147772668566 | inf | 500
06-16 21:49 root         INFO     Succ: 138/160/190 | avg time: 47.95 s | avg iter: 158.01
06-16 21:51 root         INFO     Synthesis route found!
06-16 21:51 root         INFO     Final search status | success value | iter: 9.251330985453231 | 9.001097923049311 | 298
06-16 21:51 root         INFO     Succ: 139/161/190 | avg time: 48.42 s | avg iter: 158.88
06-16 21:51 root         INFO     Synthesis route found!
06-16 21:51 root         INFO     Final search status | success value | iter: 2.9636441375231133 | 2.859613139056248 | 9
06-16 21:51 root         INFO     Succ: 140/162/190 | avg time: 48.14 s | avg iter: 157.96
